2020-02-17 10:58:09 pid:1 ArgumentCountError: Too few arguments to function handle_close(), 1 passed and exactly 2 expected in D:\project\workerman\project\test2.php:21
Stack trace:
#0 [internal function]: handle_close(Object(Workerman\Connection\TcpConnection))
#1 D:\project\workerman\Workerman\Connection\TcpConnection.php(949): call_user_func('handle_close', Object(Workerman\Connection\TcpConnection))
#2 D:\project\workerman\Workerman\Connection\TcpConnection.php(598): Workerman\Connection\TcpConnection->destroy()
#3 [internal function]: Workerman\Connection\TcpConnection->baseRead(Resource id #18)
#4 D:\project\workerman\Workerman\Events\Select.php(294): call_user_func_array(Array, Array)
#5 D:\project\workerman\Workerman\Worker.php(2357): Workerman\Events\Select->loop()
#6 D:\project\workerman\Workerman\Worker.php(1351): Workerman\Worker->run()
#7 D:\project\workerman\Workerman\Worker.php(1294): Workerman\Worker::forkWorkersForWindows()
#8 D:\project\workerman\Workerman\Worker.php(509): Workerman\Worker::forkWorkers()
#9 D:\project\workerman\project\test2.php(37): Workerman\Worker::runAll()
#10 {main}
2020-02-17 10:58:09 pid:1 Worker process terminated
2020-02-17 11:04:58 pid:1 ArgumentCountError: Too few arguments to function handle_close(), 1 passed and exactly 2 expected in D:\project\workerman\project\test2.php:21
Stack trace:
#0 [internal function]: handle_close(Object(Workerman\Connection\TcpConnection))
#1 D:\project\workerman\Workerman\Connection\TcpConnection.php(949): call_user_func('handle_close', Object(Workerman\Connection\TcpConnection))
#2 D:\project\workerman\Workerman\Connection\TcpConnection.php(598): Workerman\Connection\TcpConnection->destroy()
#3 [internal function]: Workerman\Connection\TcpConnection->baseRead(Resource id #18)
#4 D:\project\workerman\Workerman\Events\Select.php(294): call_user_func_array(Array, Array)
#5 D:\project\workerman\Workerman\Worker.php(2357): Workerman\Events\Select->loop()
#6 D:\project\workerman\Workerman\Worker.php(1351): Workerman\Worker->run()
#7 D:\project\workerman\Workerman\Worker.php(1294): Workerman\Worker::forkWorkersForWindows()
#8 D:\project\workerman\Workerman\Worker.php(509): Workerman\Worker::forkWorkers()
#9 D:\project\workerman\project\test2.php(37): Workerman\Worker::runAll()
#10 {main}
2020-02-17 11:04:58 pid:1 Worker process terminated
2020-02-17 11:07:08 pid:1 ArgumentCountError: Too few arguments to function handle_close(), 1 passed and exactly 2 expected in D:\project\workerman\project\test2.php:24
Stack trace:
#0 [internal function]: handle_close(Object(Workerman\Connection\TcpConnection))
#1 D:\project\workerman\Workerman\Connection\TcpConnection.php(949): call_user_func('handle_close', Object(Workerman\Connection\TcpConnection))
#2 D:\project\workerman\Workerman\Connection\TcpConnection.php(598): Workerman\Connection\TcpConnection->destroy()
#3 [internal function]: Workerman\Connection\TcpConnection->baseRead(Resource id #21)
#4 D:\project\workerman\Workerman\Events\Select.php(294): call_user_func_array(Array, Array)
#5 D:\project\workerman\Workerman\Worker.php(2357): Workerman\Events\Select->loop()
#6 D:\project\workerman\Workerman\Worker.php(1351): Workerman\Worker->run()
#7 D:\project\workerman\Workerman\Worker.php(1294): Workerman\Worker::forkWorkersForWindows()
#8 D:\project\workerman\Workerman\Worker.php(509): Workerman\Worker::forkWorkers()
#9 D:\project\workerman\project\test2.php(40): Workerman\Worker::runAll()
#10 {main}
2020-02-17 11:07:08 pid:1 Worker process terminated
2020-02-17 11:14:58 pid:1 ArgumentCountError: Too few arguments to function handle_close(), 1 passed and exactly 2 expected in D:\project\workerman\project\test2.php:24
Stack trace:
#0 [internal function]: handle_close(Object(Workerman\Connection\TcpConnection))
#1 D:\project\workerman\Workerman\Connection\TcpConnection.php(949): call_user_func('handle_close', Object(Workerman\Connection\TcpConnection))
#2 D:\project\workerman\Workerman\Connection\TcpConnection.php(598): Workerman\Connection\TcpConnection->destroy()
#3 [internal function]: Workerman\Connection\TcpConnection->baseRead(Resource id #18)
#4 D:\project\workerman\Workerman\Events\Select.php(294): call_user_func_array(Array, Array)
#5 D:\project\workerman\Workerman\Worker.php(2357): Workerman\Events\Select->loop()
#6 D:\project\workerman\Workerman\Worker.php(1351): Workerman\Worker->run()
#7 D:\project\workerman\Workerman\Worker.php(1294): Workerman\Worker::forkWorkersForWindows()
#8 D:\project\workerman\Workerman\Worker.php(509): Workerman\Worker::forkWorkers()
#9 D:\project\workerman\project\test2.php(40): Workerman\Worker::runAll()
#10 {main}
2020-02-17 11:14:58 pid:1 Worker process terminated
2020-03-02 14:50:16 pid:1 ArgumentCountError: Too few arguments to function handle_close(), 1 passed and exactly 2 expected in D:\project\workerman\project\test2.php:24
Stack trace:
#0 [internal function]: handle_close(Object(Workerman\Connection\TcpConnection))
#1 D:\project\workerman\Workerman\Connection\TcpConnection.php(949): call_user_func('handle_close', Object(Workerman\Connection\TcpConnection))
#2 D:\project\workerman\Workerman\Connection\TcpConnection.php(598): Workerman\Connection\TcpConnection->destroy()
#3 [internal function]: Workerman\Connection\TcpConnection->baseRead(Resource id #21)
#4 D:\project\workerman\Workerman\Events\Select.php(294): call_user_func_array(Array, Array)
#5 D:\project\workerman\Workerman\Worker.php(2357): Workerman\Events\Select->loop()
#6 D:\project\workerman\Workerman\Worker.php(1351): Workerman\Worker->run()
#7 D:\project\workerman\Workerman\Worker.php(1294): Workerman\Worker::forkWorkersForWindows()
#8 D:\project\workerman\Workerman\Worker.php(509): Workerman\Worker::forkWorkers()
#9 D:\project\workerman\project\test2.php(40): Workerman\Worker::runAll()
#10 {main}
2020-03-02 14:50:16 pid:1 Worker process terminated
2020-03-03 15:17:40 pid:1 Exception: You can't send(array) to client, you need to convert it to a string.  in D:\project\workerman\Workerman\Protocols\Websocket.php:236
Stack trace:
#0 D:\project\workerman\Workerman\Connection\TcpConnection.php(344): Workerman\Protocols\Websocket::encode(Array, Object(Workerman\Connection\TcpConnection))
#1 D:\project\workerman\project\mysql.php(17): Workerman\Connection\TcpConnection->send(Array)
#2 [internal function]: {closure}(Object(Workerman\Connection\TcpConnection), Array)
#3 D:\project\workerman\Workerman\Connection\TcpConnection.php(658): call_user_func(Object(Closure), Object(Workerman\Connection\TcpConnection), 'userId,oathYc,c...')
#4 [internal function]: Workerman\Connection\TcpConnection->baseRead(Resource id #19)
#5 D:\project\workerman\Workerman\Events\Select.php(294): call_user_func_array(Array, Array)
#6 D:\project\workerman\Workerman\Worker.php(2357): Workerman\Events\Select->loop()
#7 D:\project\workerman\Workerman\Worker.php(1351): Workerman\Worker->run()
#8 D:\project\workerman\Workerman\Worker.php(1294): Workerman\Worker::forkWorkersForWindows()
#9 D:\project\workerman\Workerman\Worker.php(509): Workerman\Worker::forkWorkers()
#10 D:\project\workerman\project\mysql.php(19): Workerman\Worker::runAll()
#11 {main}
2020-03-03 15:17:40 pid:1 Worker process terminated
2020-03-03 15:34:03 pid:1 Exception: You can't send(array) to client, you need to convert it to a string.  in D:\project\workerman\Workerman\Protocols\Websocket.php:236
Stack trace:
#0 D:\project\workerman\Workerman\Connection\TcpConnection.php(344): Workerman\Protocols\Websocket::encode(Array, Object(Workerman\Connection\TcpConnection))
#1 D:\project\workerman\project\mysql.php(13): Workerman\Connection\TcpConnection->send(Array)
#2 [internal function]: {closure}(Object(Workerman\Connection\TcpConnection))
#3 D:\project\workerman\Workerman\Worker.php(2424): call_user_func(Object(Closure), Object(Workerman\Connection\TcpConnection))
#4 [internal function]: Workerman\Worker->acceptConnection(Resource id #14)
#5 D:\project\workerman\Workerman\Events\Select.php(294): call_user_func_array(Array, Array)
#6 D:\project\workerman\Workerman\Worker.php(2357): Workerman\Events\Select->loop()
#7 D:\project\workerman\Workerman\Worker.php(1351): Workerman\Worker->run()
#8 D:\project\workerman\Workerman\Worker.php(1294): Workerman\Worker::forkWorkersForWindows()
#9 D:\project\workerman\Workerman\Worker.php(509): Workerman\Worker::forkWorkers()
#10 D:\project\workerman\project\mysql.php(21): Workerman\Worker::runAll()
#11 {main}
2020-03-03 15:34:03 pid:1 Worker process terminated
2020-03-03 15:41:56 pid:1 Exception: You can't send(array) to client, you need to convert it to a string.  in D:\project\workerman\Workerman\Protocols\Websocket.php:236
Stack trace:
#0 D:\project\workerman\Workerman\Connection\TcpConnection.php(344): Workerman\Protocols\Websocket::encode(Array, Object(Workerman\Connection\TcpConnection))
#1 D:\project\workerman\project\mysql.php(22): Workerman\Connection\TcpConnection->send(Array)
#2 [internal function]: {closure}(Object(Workerman\Connection\TcpConnection), Array)
#3 D:\project\workerman\Workerman\Connection\TcpConnection.php(658): call_user_func(Object(Closure), Object(Workerman\Connection\TcpConnection), '{"userId":"oath...')
#4 [internal function]: Workerman\Connection\TcpConnection->baseRead(Resource id #21)
#5 D:\project\workerman\Workerman\Events\Select.php(294): call_user_func_array(Array, Array)
#6 D:\project\workerman\Workerman\Worker.php(2357): Workerman\Events\Select->loop()
#7 D:\project\workerman\Workerman\Worker.php(1351): Workerman\Worker->run()
#8 D:\project\workerman\Workerman\Worker.php(1294): Workerman\Worker::forkWorkersForWindows()
#9 D:\project\workerman\Workerman\Worker.php(509): Workerman\Worker::forkWorkers()
#10 D:\project\workerman\project\mysql.php(24): Workerman\Worker::runAll()
#11 {main}
2020-03-03 15:41:56 pid:1 Worker process terminated
